<?xml version="1.0" encoding="UTF-8"?>
<!-- Generated by org.testng.reporters.JUnitReportReporter -->
<testsuite hostname="DESKTOP-VQVPHMK" failures="0" tests="1" name="com.i.testcasesuite.Testcase1" time="61.296" errors="0" timestamp="2021-03-28T16:03:26 IST" skipped="0">
  <testcase classname="com.i.testcasesuite.Testcase1" name="testcase1" time="61.296"/>
  <system-out/>
</testsuite> <!-- com.i.testcasesuite.Testcase1 -->
